<?xml version="1.0" encoding="UTF-8"?>
<!-- Generated by org.testng.reporters.JUnitReportReporter -->
<testsuite hostname="DESKTOP-8GLQR3V" failures="0" tests="2" name="Runner.TestRunner" time="25.976" errors="0" timestamp="2025-02-14T16:17:18 IST" skipped="0">
  <testcase classname="Runner.TestRunner" name="runScenario" time="12.791"/>
  <testcase classname="Runner.TestRunner" name="runScenario" time="13.185"/>
</testsuite> <!-- Runner.TestRunner -->
