<?xml version="1.0" encoding="UTF-8"?>
<!-- Generated by org.testng.reporters.JUnitReportReporter -->
<testsuite hostname="DESKTOP-8GLQR3V" failures="0" tests="2" name="Runner.TestRunner" time="97.872" errors="0" timestamp="2025-02-14T18:47:04 IST" skipped="0">
  <testcase classname="Runner.TestRunner" name="runScenario" time="52.679"/>
  <testcase classname="Runner.TestRunner" name="runScenario" time="45.193"/>
</testsuite> <!-- Runner.TestRunner -->
