<?xml version="1.0" encoding="UTF-8"?>
<!-- Generated by org.testng.reporters.JUnitReportReporter -->
<testsuite hostname="DESKTOP-8GLQR3V" failures="0" tests="2" name="Runner.TestRunner" time="37.123" errors="0" timestamp="2025-02-14T16:51:09 IST" skipped="0">
  <testcase classname="Runner.TestRunner" name="runScenario" time="16.932"/>
  <testcase classname="Runner.TestRunner" name="runScenario" time="20.191"/>
</testsuite> <!-- Runner.TestRunner -->
