<?xml version="1.0" encoding="UTF-8"?>
<!-- Generated by org.testng.reporters.JUnitReportReporter -->
<testsuite hostname="DESKTOP-8GLQR3V" failures="0" tests="2" name="Runner.TestRunner" time="32.664" errors="0" timestamp="2025-02-14T16:11:38 IST" skipped="0">
  <testcase classname="Runner.TestRunner" name="runScenario" time="20.945"/>
  <testcase classname="Runner.TestRunner" name="runScenario" time="11.719"/>
</testsuite> <!-- Runner.TestRunner -->
