<?xml version="1.0" encoding="UTF-8"?>
<!-- Generated by org.testng.reporters.JUnitReportReporter -->
<testsuite hostname="DESKTOP-8GLQR3V" failures="0" tests="2" name="Runner.TestRunner" time="31.452" errors="0" timestamp="2025-02-23T11:14:00 IST" skipped="0">
  <testcase classname="Runner.TestRunner" name="runScenario" time="19.141"/>
  <testcase classname="Runner.TestRunner" name="runScenario" time="12.311"/>
</testsuite> <!-- Runner.TestRunner -->
