<?xml version="1.0" encoding="UTF-8"?>
<!-- Generated by org.testng.reporters.JUnitReportReporter -->
<testsuite hostname="DESKTOP-8GLQR3V" failures="0" tests="2" name="Runner.TestRunner" time="29.906" errors="0" timestamp="2025-02-14T15:59:19 IST" skipped="0">
  <testcase classname="Runner.TestRunner" name="runScenario" time="10.068"/>
  <testcase classname="Runner.TestRunner" name="runScenario" time="19.838"/>
</testsuite> <!-- Runner.TestRunner -->
