<?xml version="1.0" encoding="UTF-8"?>
<!-- Generated by org.testng.reporters.JUnitReportReporter -->
<testsuite hostname="DESKTOP-8GLQR3V" failures="0" tests="2" name="Runner.TestRunner" time="25.509" errors="0" timestamp="2025-02-14T16:50:18 IST" skipped="0">
  <testcase classname="Runner.TestRunner" name="runScenario" time="11.428"/>
  <testcase classname="Runner.TestRunner" name="runScenario" time="14.081"/>
</testsuite> <!-- Runner.TestRunner -->
